2023-08-14T09:57:29.258Z - info: Initializing jsreport (version: 3.13.0, configuration file: jsreport.config.json, nodejs: 16.19.0)
2023-08-14T09:57:29.259Z - info: Searching for available extensions in /Users/kaybriyel/Desktop/jsreport/
2023-08-14T09:57:29.260Z - info: Extensions location cache not found, crawling directories
2023-08-14T09:57:29.463Z - info: Found 35 extension(s)
2023-08-14T09:57:29.495Z - info: Using extension authentication@3.4.0
2023-08-14T09:57:29.560Z - info: Using extension base@3.0.1
2023-08-14T09:57:29.562Z - info: Using extension child-templates@3.1.0
2023-08-14T09:57:29.562Z - info: Using extension cli@3.2.3
2023-08-14T09:57:29.563Z - info: Using extension components@3.3.1
2023-08-14T09:57:29.563Z - info: Using extension data@3.1.0
2023-08-14T09:57:29.564Z - info: Using extension express@3.7.1
2023-08-14T09:57:29.666Z - info: Using extension freeze@3.0.1
2023-08-14T09:57:29.667Z - info: Using extension fs-store@3.2.5
2023-08-14T09:57:30.111Z - info: Using extension handlebars@3.2.1
2023-08-14T09:57:30.114Z - info: Using extension import-export@3.2.0
2023-08-14T09:57:30.126Z - info: Using extension jsrender@3.0.0
2023-08-14T09:57:30.127Z - info: Using extension licensing@3.0.3
2023-08-14T09:57:30.129Z - info: Using extension localization@3.2.2
2023-08-14T09:57:30.129Z - info: Using extension npm@3.2.0
2023-08-14T09:57:30.131Z - info: Using extension pdf-utils@3.9.0
2023-08-14T09:57:30.132Z - info: Using extension reports@3.1.1
2023-08-14T09:57:30.134Z - info: Using extension tags@3.1.1
2023-08-14T09:57:30.135Z - info: Using extension text@3.0.0
2023-08-14T09:57:30.135Z - info: Using extension version-control@3.1.2
2023-08-14T09:57:30.143Z - info: Using extension assets@3.6.1
2023-08-14T09:57:30.149Z - info: Using extension authorization@3.3.0
2023-08-14T09:57:30.151Z - info: Using extension browser-client@3.1.2
2023-08-14T09:57:30.152Z - info: Using extension chrome-pdf@3.4.0
2023-08-14T09:57:30.153Z - info: Using extension docx@3.7.2
2023-08-14T09:57:30.154Z - info: Using extension html-to-xlsx@3.3.2
2023-08-14T09:57:30.304Z - info: html-to-xlsx detected chrome as available html engine
2023-08-14T09:57:30.304Z - info: Using extension pptx@3.4.0
2023-08-14T09:57:30.305Z - info: Using extension scheduling@3.0.3
2023-08-14T09:57:30.317Z - info: Using extension scripts@3.4.1
2023-08-14T09:57:30.317Z - info: Using extension static-pdf@3.0.1
2023-08-14T09:57:30.317Z - info: Using extension studio@3.9.3
2023-08-14T09:57:30.343Z - info: Using extension xlsx@3.5.0
2023-08-14T09:57:30.350Z - info: Using extension public-templates@3.0.0
2023-08-14T09:57:30.350Z - info: Using extension sample-template@3.2.1
2023-08-14T09:57:30.351Z - info: Using extension studio-theme-dark@3.0.1
2023-08-14T09:57:30.351Z - info: Code sandboxing is disabled, users can potentially penetrate the local system if you allow code from external users to be part of your reports
2023-08-14T09:57:30.351Z - info: Using general timeout for rendering (reportTimeout: 60000)
2023-08-14T09:57:30.351Z - info: Using fs provider for template store.
2023-08-14T09:57:30.356Z - info: fs store is persisting using fs for /Users/kaybriyel/Desktop/jsreport/data
2023-08-14T09:57:30.358Z - info: fs store is loading data
2023-08-14T09:57:30.360Z - info: fs store is initialized successfully
2023-08-14T09:57:30.377Z - info: Creating default express app.
2023-08-14T09:57:30.388Z - info: jsreport server successfully started on http port: 5488
2023-08-14T09:57:30.389Z - info: Verifying license key free
2023-08-14T09:57:30.389Z - info: Using free license
2023-08-14T09:57:30.393Z - info: Migrating templates chrome settings (waitForNetworkIddle -> waitForNetworkIdle)
2023-08-14T09:57:30.394Z - info: Migration successful
2023-08-14T09:57:30.424Z - info: Initializing worker threads
2023-08-14T09:57:30.521Z - info: 2 worker threads initialized in 97ms
2023-08-14T09:57:30.521Z - info: Starting temp files cleanup with 180000ms threshold
2023-08-14T09:57:30.521Z - info: reporter initialized
2023-08-14T09:58:39.648Z - info: Logging in user admin
2023-08-14T09:58:47.179Z - info: Render request 1 queued for execution and waiting for available worker rootId=lv9ac368gpzlg4i, id=lv9ac368gpzlg4i
2023-08-14T09:58:47.235Z - info: Starting rendering request 1 (user: admin) rootId=lv9ac368gpzlg4i, id=lv9ac368gpzlg4i
2023-08-14T09:58:47.235Z - info: Rendering template { name: invoice-main, recipe: chrome-pdf, engine: handlebars, preview: true } rootId=lv9ac368gpzlg4i, id=lv9ac368gpzlg4i
2023-08-14T09:58:49.420Z - info: Rendering request 1 finished in 2243 ms rootId=lv9ac368gpzlg4i, id=lv9ac368gpzlg4i
2023-08-14T10:04:01.664Z - info: Initializing jsreport (version: 3.13.0, configuration file: jsreport.config.json, nodejs: 16.19.0)
2023-08-14T10:04:01.665Z - info: Searching for available extensions in /Users/kaybriyel/Desktop/jsreport/
2023-08-14T10:04:01.667Z - info: Extensions location cache contains up to date information, skipping crawling in /Users/kaybriyel/Desktop/jsreport/
2023-08-14T10:04:01.673Z - info: Found 35 extension(s)
2023-08-14T10:04:01.709Z - info: Using extension authentication@3.4.0
2023-08-14T10:04:01.780Z - info: Using extension base@3.0.1
2023-08-14T10:04:01.783Z - info: Using extension child-templates@3.1.0
2023-08-14T10:04:01.783Z - info: Using extension cli@3.2.3
2023-08-14T10:04:01.784Z - info: Using extension components@3.3.1
2023-08-14T10:04:01.785Z - info: Using extension data@3.1.0
2023-08-14T10:04:01.785Z - info: Using extension express@3.7.1
2023-08-14T10:04:01.893Z - info: Using extension freeze@3.0.1
2023-08-14T10:04:01.894Z - info: Using extension fs-store@3.2.5
2023-08-14T10:04:01.946Z - info: Using extension handlebars@3.2.1
2023-08-14T10:04:01.947Z - info: Using extension import-export@3.2.0
2023-08-14T10:04:01.952Z - info: Using extension jsrender@3.0.0
2023-08-14T10:04:01.952Z - info: Using extension licensing@3.0.3
2023-08-14T10:04:01.953Z - info: Using extension localization@3.2.2
2023-08-14T10:04:01.953Z - info: Using extension npm@3.2.0
2023-08-14T10:04:01.955Z - info: Using extension pdf-utils@3.9.0
2023-08-14T10:04:01.955Z - info: Using extension reports@3.1.1
2023-08-14T10:04:01.956Z - info: Using extension tags@3.1.1
2023-08-14T10:04:01.957Z - info: Using extension text@3.0.0
2023-08-14T10:04:01.957Z - info: Using extension version-control@3.1.2
2023-08-14T10:04:01.963Z - info: Using extension assets@3.6.1
2023-08-14T10:04:01.968Z - info: Using extension authorization@3.3.0
2023-08-14T10:04:01.970Z - info: Using extension browser-client@3.1.2
2023-08-14T10:04:01.971Z - info: Using extension chrome-pdf@3.4.0
2023-08-14T10:04:01.972Z - info: Using extension docx@3.7.2
2023-08-14T10:04:01.973Z - info: Using extension html-to-xlsx@3.3.2
2023-08-14T10:04:02.109Z - info: html-to-xlsx detected chrome as available html engine
2023-08-14T10:04:02.109Z - info: Using extension pptx@3.4.0
2023-08-14T10:04:02.110Z - info: Using extension scheduling@3.0.3
2023-08-14T10:04:02.123Z - info: Using extension scripts@3.4.1
2023-08-14T10:04:02.124Z - info: Using extension static-pdf@3.0.1
2023-08-14T10:04:02.124Z - info: Using extension studio@3.9.3
2023-08-14T10:04:02.159Z - info: Using extension xlsx@3.5.0
2023-08-14T10:04:02.168Z - info: Using extension public-templates@3.0.0
2023-08-14T10:04:02.168Z - info: Using extension sample-template@3.2.1
2023-08-14T10:04:02.169Z - info: Using extension studio-theme-dark@3.0.1
2023-08-14T10:04:02.170Z - info: Code sandboxing is disabled, users can potentially penetrate the local system if you allow code from external users to be part of your reports
2023-08-14T10:04:02.170Z - info: Using general timeout for rendering (reportTimeout: 60000)
2023-08-14T10:04:02.170Z - info: Using fs provider for template store.
2023-08-14T10:04:02.172Z - info: fs store is persisting using fs for /Users/kaybriyel/Desktop/jsreport/data
2023-08-14T10:04:02.174Z - info: fs store is loading data
2023-08-14T10:04:02.180Z - info: fs store is initialized successfully
2023-08-14T10:04:02.185Z - info: Creating default express app.
2023-08-14T10:04:02.199Z - info: jsreport server successfully started on http port: 5488
2023-08-14T10:04:02.200Z - info: Verifying license key free
2023-08-14T10:04:02.200Z - info: Using free license
2023-08-14T10:04:02.202Z - info: Initializing worker threads
2023-08-14T10:04:02.292Z - info: 2 worker threads initialized in 90ms
2023-08-14T10:04:02.292Z - info: Starting temp files cleanup with 180000ms threshold
2023-08-14T10:04:02.293Z - info: reporter initialized
2023-08-14T10:34:13.878Z - info: Initializing jsreport (version: 3.13.0, configuration file: jsreport.config.json, nodejs: 16.19.0)
2023-08-14T10:34:13.879Z - info: Searching for available extensions in /Users/kaybriyel/Desktop/jsreport/
2023-08-14T10:34:13.882Z - info: Extensions location cache contains up to date information, skipping crawling in /Users/kaybriyel/Desktop/jsreport/
2023-08-14T10:34:13.887Z - info: Found 35 extension(s)
2023-08-14T10:34:13.930Z - info: Using extension authentication@3.4.0
2023-08-14T10:34:14.033Z - info: Using extension base@3.0.1
2023-08-14T10:34:14.035Z - info: Using extension child-templates@3.1.0
2023-08-14T10:34:14.036Z - info: Using extension cli@3.2.3
2023-08-14T10:34:14.037Z - info: Using extension components@3.3.1
2023-08-14T10:34:14.038Z - info: Using extension data@3.1.0
2023-08-14T10:34:14.038Z - info: Using extension express@3.7.1
2023-08-14T10:34:14.179Z - info: Using extension freeze@3.0.1
2023-08-14T10:34:14.180Z - info: Using extension fs-store@3.2.5
2023-08-14T10:34:14.244Z - info: Using extension handlebars@3.2.1
2023-08-14T10:34:14.245Z - info: Using extension import-export@3.2.0
2023-08-14T10:34:14.250Z - info: Using extension jsrender@3.0.0
2023-08-14T10:34:14.250Z - info: Using extension licensing@3.0.3
2023-08-14T10:34:14.252Z - info: Using extension localization@3.2.2
2023-08-14T10:34:14.252Z - info: Using extension npm@3.2.0
2023-08-14T10:34:14.256Z - info: Using extension pdf-utils@3.9.0
2023-08-14T10:34:14.258Z - info: Using extension reports@3.1.1
2023-08-14T10:34:14.260Z - info: Using extension tags@3.1.1
2023-08-14T10:34:14.261Z - info: Using extension text@3.0.0
2023-08-14T10:34:14.262Z - info: Using extension version-control@3.1.2
2023-08-14T10:34:14.270Z - info: Using extension assets@3.6.1
2023-08-14T10:34:14.277Z - info: Using extension authorization@3.3.0
2023-08-14T10:34:14.280Z - info: Using extension browser-client@3.1.2
2023-08-14T10:34:14.282Z - info: Using extension chrome-pdf@3.4.0
2023-08-14T10:34:14.283Z - info: Using extension docx@3.7.2
2023-08-14T10:34:14.284Z - info: Using extension html-to-xlsx@3.3.2
2023-08-14T10:34:14.459Z - info: html-to-xlsx detected chrome as available html engine
2023-08-14T10:34:14.459Z - info: Using extension pptx@3.4.0
2023-08-14T10:34:14.460Z - info: Using extension scheduling@3.0.3
2023-08-14T10:34:14.478Z - info: Using extension scripts@3.4.1
2023-08-14T10:34:14.478Z - info: Using extension static-pdf@3.0.1
2023-08-14T10:34:14.479Z - info: Using extension studio@3.9.3
2023-08-14T10:34:14.513Z - info: Using extension xlsx@3.5.0
2023-08-14T10:34:14.525Z - info: Using extension public-templates@3.0.0
2023-08-14T10:34:14.526Z - info: Using extension sample-template@3.2.1
2023-08-14T10:34:14.527Z - info: Using extension studio-theme-dark@3.0.1
2023-08-14T10:34:14.528Z - info: Code sandboxing is disabled, users can potentially penetrate the local system if you allow code from external users to be part of your reports
2023-08-14T10:34:14.528Z - info: Using general timeout for rendering (reportTimeout: 60000)
2023-08-14T10:34:14.528Z - info: Using fs provider for template store.
2023-08-14T10:34:14.530Z - info: fs store is persisting using fs for /Users/kaybriyel/Desktop/jsreport/data
2023-08-14T10:34:14.534Z - info: fs store is loading data
2023-08-14T10:34:14.549Z - info: fs store is initialized successfully
2023-08-14T10:34:14.555Z - info: Creating default express app.
2023-08-14T10:34:14.569Z - info: jsreport server successfully started on http port: 5488
2023-08-14T10:34:14.569Z - info: Verifying license key free
2023-08-14T10:34:14.569Z - info: Using free license
2023-08-14T10:34:14.571Z - info: Initializing worker threads
2023-08-14T10:34:14.758Z - info: 2 worker threads initialized in 187ms
2023-08-14T10:34:14.758Z - info: Starting temp files cleanup with 180000ms threshold
2023-08-14T10:34:14.760Z - info: reporter initialized
